2010-05-28 15:05:41,956 INFO UnmarshallerFactory - Unmarshaller Initialized
2010-05-28 15:05:41,963 INFO UnmarshallerFactory - Unmarshaller Initialized
2010-05-28 15:05:41,968 INFO UnmarshallerFactory - Unmarshaller Initialized
2010-05-28 15:05:41,976 INFO UnmarshallerFactory - Unmarshaller Initialized
2010-05-28 15:05:41,984 INFO UnmarshallerFactory - Unmarshaller Initialized
2010-05-28 15:05:41,992 INFO UnmarshallerFactory - Unmarshaller Initialized
2010-05-28 15:05:41,998 INFO UnmarshallerFactory - Unmarshaller Initialized
2010-05-28 15:05:42,003 INFO UnmarshallerFactory - Unmarshaller Initialized
2010-05-28 15:08:38,316 INFO MzIdentMLIndexerFactory - Creating index: 
2010-05-28 15:08:38,675 INFO MzIdentMLIndexerFactory - Init CV cache
2010-05-28 15:08:38,677 INFO MzIdentMLIndexerFactory - Init AnalysisSoftware cache
2010-05-28 15:08:38,677 INFO MzIdentMLIndexerFactory - Init Provider cache
2010-05-28 15:08:38,677 INFO MzIdentMLIndexerFactory - Init AuditCollection  cache
2010-05-28 15:08:38,677 INFO MzIdentMLIndexerFactory - Init AnalysisSampleCollection  cache
2010-05-28 15:08:38,677 INFO MzIdentMLIndexerFactory - Init sequenceCollection  cache
2010-05-28 15:08:38,688 INFO MzIdentMLIndexerFactory - Init AnalysisCollection  cache
2010-05-28 15:08:38,694 INFO MzIdentMLIndexerFactory - Init AnalysisProtocolCollection  cache
2010-05-28 15:08:38,694 INFO MzIdentMLIndexerFactory - Init DataCollection  cache
2010-05-28 15:08:38,696 INFO MzIdentMLIndexerFactory - Init BibliographicReference  cache
2010-05-28 15:08:38,696 INFO MzIdentMLIndexerFactory - Init Peptide  cache
2010-05-28 15:08:39,810 INFO UnmarshallerFactory - Unmarshaller Initialized
2010-05-28 15:08:39,819 INFO UnmarshallerFactory - Unmarshaller Initialized
2010-05-28 15:08:39,822 INFO UnmarshallerFactory - Unmarshaller Initialized
2010-05-28 15:08:39,833 INFO UnmarshallerFactory - Unmarshaller Initialized
2010-05-28 15:08:39,841 INFO UnmarshallerFactory - Unmarshaller Initialized
2010-05-28 15:08:39,849 INFO UnmarshallerFactory - Unmarshaller Initialized
2010-05-28 15:08:39,858 INFO UnmarshallerFactory - Unmarshaller Initialized
2010-05-28 15:08:39,870 INFO UnmarshallerFactory - Unmarshaller Initialized
2010-05-28 15:08:39,880 INFO UnmarshallerFactory - Unmarshaller Initialized
2010-05-28 15:08:39,903 INFO UnmarshallerFactory - Unmarshaller Initialized
2010-05-28 15:08:39,910 INFO UnmarshallerFactory - Unmarshaller Initialized
2010-05-28 15:08:39,920 INFO UnmarshallerFactory - Unmarshaller Initialized
2010-05-28 15:08:39,928 INFO UnmarshallerFactory - Unmarshaller Initialized
2010-05-28 15:08:39,929 INFO UnmarshallerFactory - Unmarshaller Initialized
2010-05-28 15:08:39,941 INFO UnmarshallerFactory - Unmarshaller Initialized
2010-05-28 15:08:39,948 INFO UnmarshallerFactory - Unmarshaller Initialized
2010-05-28 15:08:39,955 INFO UnmarshallerFactory - Unmarshaller Initialized
2010-05-28 15:08:39,962 INFO UnmarshallerFactory - Unmarshaller Initialized
2010-05-28 15:08:39,970 INFO UnmarshallerFactory - Unmarshaller Initialized
2010-05-28 15:08:39,978 INFO UnmarshallerFactory - Unmarshaller Initialized
2010-05-28 15:08:39,986 INFO UnmarshallerFactory - Unmarshaller Initialized
2010-05-28 15:08:39,992 INFO UnmarshallerFactory - Unmarshaller Initialized
2010-05-28 15:08:39,998 INFO UnmarshallerFactory - Unmarshaller Initialized
2010-05-28 15:08:40,005 INFO UnmarshallerFactory - Unmarshaller Initialized
2010-05-28 15:08:40,007 INFO UnmarshallerFactory - Unmarshaller Initialized
2010-05-28 15:08:40,015 INFO UnmarshallerFactory - Unmarshaller Initialized
2010-05-28 15:08:40,023 INFO UnmarshallerFactory - Unmarshaller Initialized
2010-05-28 15:08:40,031 INFO UnmarshallerFactory - Unmarshaller Initialized
2010-05-28 15:08:40,051 INFO UnmarshallerFactory - Unmarshaller Initialized
2010-05-28 15:08:40,058 INFO UnmarshallerFactory - Unmarshaller Initialized
2010-05-28 15:08:40,065 INFO UnmarshallerFactory - Unmarshaller Initialized
2010-05-28 15:08:40,074 INFO UnmarshallerFactory - Unmarshaller Initialized
2010-05-28 15:08:40,083 INFO UnmarshallerFactory - Unmarshaller Initialized
2010-05-28 15:08:40,092 INFO UnmarshallerFactory - Unmarshaller Initialized
2010-05-28 15:08:40,101 INFO UnmarshallerFactory - Unmarshaller Initialized
2010-05-28 15:08:40,102 INFO UnmarshallerFactory - Unmarshaller Initialized
2010-05-28 15:08:40,110 INFO UnmarshallerFactory - Unmarshaller Initialized
2010-05-28 15:08:40,115 INFO UnmarshallerFactory - Unmarshaller Initialized
2010-05-28 15:08:40,122 INFO UnmarshallerFactory - Unmarshaller Initialized
2010-05-28 15:08:40,130 INFO UnmarshallerFactory - Unmarshaller Initialized
2010-05-28 15:08:40,153 INFO UnmarshallerFactory - Unmarshaller Initialized
2010-05-28 15:08:40,161 INFO UnmarshallerFactory - Unmarshaller Initialized
2010-05-28 15:08:40,167 INFO UnmarshallerFactory - Unmarshaller Initialized
2010-05-28 15:08:40,173 INFO UnmarshallerFactory - Unmarshaller Initialized
2010-05-28 15:08:40,178 INFO UnmarshallerFactory - Unmarshaller Initialized
